Build started 11/3/2011 6:10:14 PM.
     1>Project "D:\NUS\Year 2\Semester 1\CS2103\Projects\TempusGUI\TempusGUI\TempusGUI.vcxproj" on node 2 (build target(s)).
     1>InitializeBuildStatus:
         Creating "Debug\TempusGUI.unsuccessfulbuild" because "AlwaysCreate" was specified.
       GenerateTargetFrameworkMonikerAttribute:
       Skipping target "GenerateTargetFrameworkMonikerAttribute" because all output files are up-to-date with respect to the input files.
       ClCompile:
         All outputs are up-to-date.
         D:\Program Files\Microsoft Visual Studio 10.0\VC\bin\CL.exe /c /AI"C:\Program Files\Reference Assemblies\Microsoft\Framework\.NETFramework\v4.0" /Zi /clr:pure /nologo /W3 /WX- /Od /Oy- /D WIN32 /D _DEBUG /D _UNICODE /D UNICODE /EHa /MDd /GS /fp:precise /Zc:wchar_t /Zc:forScope /Yu"StdAfx.h" /Fp"Debug\TempusGUI.pch" /Fo"Debug\\" /Fd"Debug\vc100.pdb" /TP /FU"C:\Program Files\Reference Assemblies\Microsoft\Framework\.NETFramework\v4.0\System.Core.dll" /FU"C:\Program Files\Reference Assemblies\Microsoft\Framework\.NETFramework\v4.0\System.Data.dll" /FU"C:\Program Files\Reference Assemblies\Microsoft\Framework\.NETFramework\v4.0\System.dll" /FU"C:\Program Files\Reference Assemblies\Microsoft\Framework\.NETFramework\v4.0\System.Drawing.dll" /FU"C:\Program Files\Reference Assemblies\Microsoft\Framework\.NETFramework\v4.0\System.Windows.Forms.dll" /FU"C:\Program Files\Reference Assemblies\Microsoft\Framework\.NETFramework\v4.0\System.Xml.dll" /analyze- /errorReport:prompt TempusGUI.cpp /clr:nostdlib 
         TempusGUI.cpp
         All outputs are up-to-date.
       CoreResGen:
         All outputs are up-to-date.
       ResourceCompile:
         All outputs are up-to-date.
       Link:
         D:\Program Files\Microsoft Visual Studio 10.0\VC\bin\link.exe /ERRORREPORT:PROMPT /OUT:"D:\NUS\Year 2\Semester 1\CS2103\Projects\TempusGUI\Debug\TempusGUI.exe" /INCREMENTAL /NOLOGO /ASSEMBLYRESOURCE:Debug\TempusGUI.Form1.resources /MANIFEST /ManifestFile:"Debug\TempusGUI.exe.intermediate.manifest" /MANIFESTUAC:"level='asInvoker' uiAccess='false'" /DEBUG /PDB:"D:\NUS\Year 2\Semester 1\CS2103\Projects\TempusGUI\Debug\TempusGUI.pdb" /ASSEMBLYDEBUG /SUBSYSTEM:WINDOWS /TLBID:1 /ENTRY:"main" /DYNAMICBASE /FIXED:NO /NXCOMPAT /MACHINE:X86 Debug\app.res
         Debug\AssemblyInfo.obj
         Debug\Date.obj
         Debug\Event.obj
         Debug\FileStorage.obj
         Debug\MainLogic.obj
         Debug\ProcessHistory.obj
         Debug\ProcessList.obj
         Debug\stdafx.obj
         Debug\TempusGUI.obj
         Debug\Time.obj
         "Debug\.NETFramework,Version=v4.0.AssemblyAttributes.obj"
         TempusGUI.vcxproj -> D:\NUS\Year 2\Semester 1\CS2103\Projects\TempusGUI\Debug\TempusGUI.exe
       Manifest:
         C:\Program Files\Microsoft SDKs\Windows\v7.0A\bin\mt.exe /nologo /verbose /outputresource:"D:\NUS\Year 2\Semester 1\CS2103\Projects\TempusGUI\Debug\TempusGUI.exe;#1" /manifest Debug\TempusGUI.exe.intermediate.manifest
       FinalizeBuildStatus:
         Deleting file "Debug\TempusGUI.unsuccessfulbuild".
         Touching "Debug\TempusGUI.lastbuildstate".
     1>Done Building Project "D:\NUS\Year 2\Semester 1\CS2103\Projects\TempusGUI\TempusGUI\TempusGUI.vcxproj" (build target(s)).

Build succeeded.

Time Elapsed 00:00:05.22
