D:\NUS\YEAR 2\SEMESTER 1\CS2103\PROJECTS\TEMPUSGUI\DEBUG\TEMPUSGUI.EXE
D:\NUS\YEAR 2\SEMESTER 1\CS2103\PROJECTS\TEMPUSGUI\DEBUG\TEMPUSGUI.ILK
D:\NUS\YEAR 2\SEMESTER 1\CS2103\PROJECTS\TEMPUSGUI\DEBUG\TEMPUSGUI.PDB
D:\NUS\YEAR 2\SEMESTER 1\CS2103\PROJECTS\TEMPUSGUI\TEMPUSGUI\DEBUG\.NETFRAMEWORK,VERSION=V4.0.ASSEMBLYATTRIBUTES.OBJ
D:\NUS\YEAR 2\SEMESTER 1\CS2103\PROJECTS\TEMPUSGUI\TEMPUSGUI\DEBUG\APP.RES
D:\NUS\YEAR 2\SEMESTER 1\CS2103\PROJECTS\TEMPUSGUI\TEMPUSGUI\DEBUG\ASSEMBLYINFO.OBJ
D:\NUS\Year 2\Semester 1\CS2103\Projects\TempusGUI\TempusGUI\Debug\cl.command.1.tlog
D:\NUS\Year 2\Semester 1\CS2103\Projects\TempusGUI\TempusGUI\Debug\CL.read.1.tlog
D:\NUS\Year 2\Semester 1\CS2103\Projects\TempusGUI\TempusGUI\Debug\CL.write.1.tlog
D:\NUS\YEAR 2\SEMESTER 1\CS2103\PROJECTS\TEMPUSGUI\TEMPUSGUI\DEBUG\DATE.OBJ
D:\NUS\YEAR 2\SEMESTER 1\CS2103\PROJECTS\TEMPUSGUI\TEMPUSGUI\DEBUG\EVENT.OBJ
D:\NUS\YEAR 2\SEMESTER 1\CS2103\PROJECTS\TEMPUSGUI\TEMPUSGUI\DEBUG\FILESTORAGE.OBJ
D:\NUS\Year 2\Semester 1\CS2103\Projects\TempusGUI\TempusGUI\Debug\GenerateResource.read.32.tlog
D:\NUS\Year 2\Semester 1\CS2103\Projects\TempusGUI\TempusGUI\Debug\GenerateResource.write.32.tlog
D:\NUS\Year 2\Semester 1\CS2103\Projects\TempusGUI\TempusGUI\Debug\link.10912.read.1.tlog
D:\NUS\Year 2\Semester 1\CS2103\Projects\TempusGUI\TempusGUI\Debug\link.10912.write.1.tlog
D:\NUS\Year 2\Semester 1\CS2103\Projects\TempusGUI\TempusGUI\Debug\link.10912-cvtres.read.1.tlog
D:\NUS\Year 2\Semester 1\CS2103\Projects\TempusGUI\TempusGUI\Debug\link.10912-cvtres.write.1.tlog
D:\NUS\Year 2\Semester 1\CS2103\Projects\TempusGUI\TempusGUI\Debug\link.9028.read.1.tlog
D:\NUS\Year 2\Semester 1\CS2103\Projects\TempusGUI\TempusGUI\Debug\link.9028.write.1.tlog
D:\NUS\Year 2\Semester 1\CS2103\Projects\TempusGUI\TempusGUI\Debug\link.9028-cvtres.read.1.tlog
D:\NUS\Year 2\Semester 1\CS2103\Projects\TempusGUI\TempusGUI\Debug\link.9028-cvtres.write.1.tlog
D:\NUS\Year 2\Semester 1\CS2103\Projects\TempusGUI\TempusGUI\Debug\link.command.1.tlog
D:\NUS\Year 2\Semester 1\CS2103\Projects\TempusGUI\TempusGUI\Debug\link.read.1.tlog
D:\NUS\Year 2\Semester 1\CS2103\Projects\TempusGUI\TempusGUI\Debug\link.write.1.tlog
D:\NUS\YEAR 2\SEMESTER 1\CS2103\PROJECTS\TEMPUSGUI\TEMPUSGUI\DEBUG\MAINLOGIC.OBJ
D:\NUS\Year 2\Semester 1\CS2103\Projects\TempusGUI\TempusGUI\Debug\mt.command.1.tlog
D:\NUS\Year 2\Semester 1\CS2103\Projects\TempusGUI\TempusGUI\Debug\mt.read.1.tlog
D:\NUS\Year 2\Semester 1\CS2103\Projects\TempusGUI\TempusGUI\Debug\mt.write.1.tlog
D:\NUS\YEAR 2\SEMESTER 1\CS2103\PROJECTS\TEMPUSGUI\TEMPUSGUI\DEBUG\PROCESSHISTORY.OBJ
D:\NUS\YEAR 2\SEMESTER 1\CS2103\PROJECTS\TEMPUSGUI\TEMPUSGUI\DEBUG\PROCESSLIST.OBJ
D:\NUS\Year 2\Semester 1\CS2103\Projects\TempusGUI\TempusGUI\Debug\rc.command.1.tlog
D:\NUS\Year 2\Semester 1\CS2103\Projects\TempusGUI\TempusGUI\Debug\rc.read.1.tlog
D:\NUS\Year 2\Semester 1\CS2103\Projects\TempusGUI\TempusGUI\Debug\rc.write.1.tlog
D:\NUS\YEAR 2\SEMESTER 1\CS2103\PROJECTS\TEMPUSGUI\TEMPUSGUI\DEBUG\STDAFX.OBJ
D:\NUS\YEAR 2\SEMESTER 1\CS2103\PROJECTS\TEMPUSGUI\TEMPUSGUI\DEBUG\TEMPUSGUI.EXE.INTERMEDIATE.MANIFEST
D:\NUS\YEAR 2\SEMESTER 1\CS2103\PROJECTS\TEMPUSGUI\TEMPUSGUI\DEBUG\TEMPUSGUI.FORM1.RESOURCES
D:\NUS\YEAR 2\SEMESTER 1\CS2103\PROJECTS\TEMPUSGUI\TEMPUSGUI\DEBUG\TEMPUSGUI.OBJ
D:\NUS\YEAR 2\SEMESTER 1\CS2103\PROJECTS\TEMPUSGUI\TEMPUSGUI\DEBUG\TEMPUSGUI.PCH
D:\NUS\Year 2\Semester 1\CS2103\Projects\TempusGUI\TempusGUI\Debug\TempusGUI.write.1.tlog
D:\NUS\YEAR 2\SEMESTER 1\CS2103\PROJECTS\TEMPUSGUI\TEMPUSGUI\DEBUG\TIME.OBJ
D:\NUS\YEAR 2\SEMESTER 1\CS2103\PROJECTS\TEMPUSGUI\TEMPUSGUI\DEBUG\VC100.PDB
