C:\TEMPUSGUI\RELEASE\TEMPUSGUI.EXE
C:\TEMPUSGUI\RELEASE\TEMPUSGUI.PDB
C:\TEMPUSGUI\TEMPUSGUI\RELEASE\.NETFRAMEWORK,VERSION=V4.0.ASSEMBLYATTRIBUTES.OBJ
C:\TEMPUSGUI\TEMPUSGUI\RELEASE\APP.RES
C:\TEMPUSGUI\TEMPUSGUI\RELEASE\ASSEMBLYINFO.OBJ
C:\TempusGUI\TempusGUI\Release\cl.command.1.tlog
C:\TempusGUI\TempusGUI\Release\CL.read.1.tlog
C:\TempusGUI\TempusGUI\Release\CL.write.1.tlog
C:\TEMPUSGUI\TEMPUSGUI\RELEASE\COMMANDPARSER.OBJ
C:\TEMPUSGUI\TEMPUSGUI\RELEASE\DATE.OBJ
C:\TEMPUSGUI\TEMPUSGUI\RELEASE\EVENT.OBJ
C:\TEMPUSGUI\TEMPUSGUI\RELEASE\FILESTORAGE.OBJ
C:\TempusGUI\TempusGUI\Release\GenerateResource.read.1.tlog
C:\TempusGUI\TempusGUI\Release\GenerateResource.read.72.tlog
C:\TempusGUI\TempusGUI\Release\GenerateResource.write.1.tlog
C:\TempusGUI\TempusGUI\Release\GenerateResource.write.72.tlog
C:\TEMPUSGUI\TEMPUSGUI\RELEASE\HISTORYHANDLER.OBJ
C:\TempusGUI\TempusGUI\Release\link.command.1.tlog
C:\TempusGUI\TempusGUI\Release\link.read.1.tlog
C:\TempusGUI\TempusGUI\Release\link.write.1.tlog
C:\TempusGUI\TempusGUI\Release\link-cvtres.read.1.tlog
C:\TempusGUI\TempusGUI\Release\link-cvtres.write.1.tlog
C:\TEMPUSGUI\TEMPUSGUI\RELEASE\LISTHANDLER.OBJ
C:\TEMPUSGUI\TEMPUSGUI\RELEASE\MAINLOGIC.OBJ
C:\TempusGUI\TempusGUI\Release\mt.command.1.tlog
C:\TempusGUI\TempusGUI\Release\mt.read.1.tlog
C:\TempusGUI\TempusGUI\Release\mt.write.1.tlog
C:\TempusGUI\TempusGUI\Release\rc.command.1.tlog
C:\TempusGUI\TempusGUI\Release\rc.read.1.tlog
C:\TempusGUI\TempusGUI\Release\rc.write.1.tlog
C:\TEMPUSGUI\TEMPUSGUI\RELEASE\SPLASHSCREEN.OBJ
C:\TEMPUSGUI\TEMPUSGUI\RELEASE\STDAFX.OBJ
C:\TEMPUSGUI\TEMPUSGUI\RELEASE\TEMPUSEXCEPTIONS.OBJ
C:\TEMPUSGUI\TEMPUSGUI\RELEASE\TEMPUSGUI.EXE.INTERMEDIATE.MANIFEST
C:\TEMPUSGUI\TEMPUSGUI\RELEASE\TEMPUSGUI.FORM1.RESOURCES
C:\TEMPUSGUI\TEMPUSGUI\RELEASE\TEMPUSGUI.OBJ
C:\TEMPUSGUI\TEMPUSGUI\RELEASE\TEMPUSGUI.PCH
C:\TEMPUSGUI\TEMPUSGUI\RELEASE\TEMPUSGUI.SPLASHSCREEN.RESOURCES
C:\TempusGUI\TempusGUI\Release\TempusGUI.write.1.tlog
C:\TEMPUSGUI\TEMPUSGUI\RELEASE\TIME.OBJ
C:\TEMPUSGUI\TEMPUSGUI\RELEASE\UPCOMINGHANDLER.OBJ
C:\TEMPUSGUI\TEMPUSGUI\RELEASE\VC100.PDB
D:\NUS\YEAR 2\SEMESTER 1\CS2103\PROJECTS\TEMPUSGUI\RELEASE\TEMPUSGUI.EXE
D:\NUS\YEAR 2\SEMESTER 1\CS2103\PROJECTS\TEMPUSGUI\RELEASE\TEMPUSGUI.PDB
D:\NUS\YEAR 2\SEMESTER 1\CS2103\PROJECTS\TEMPUSGUI\TEMPUSGUI\RELEASE\.NETFRAMEWORK,VERSION=V4.0.ASSEMBLYATTRIBUTES.OBJ
D:\NUS\YEAR 2\SEMESTER 1\CS2103\PROJECTS\TEMPUSGUI\TEMPUSGUI\RELEASE\APP.RES
D:\NUS\YEAR 2\SEMESTER 1\CS2103\PROJECTS\TEMPUSGUI\TEMPUSGUI\RELEASE\ASSEMBLYINFO.OBJ
D:\NUS\YEAR 2\SEMESTER 1\CS2103\PROJECTS\TEMPUSGUI\TEMPUSGUI\RELEASE\COMMANDPARSER.OBJ
D:\NUS\YEAR 2\SEMESTER 1\CS2103\PROJECTS\TEMPUSGUI\TEMPUSGUI\RELEASE\DATE.OBJ
D:\NUS\YEAR 2\SEMESTER 1\CS2103\PROJECTS\TEMPUSGUI\TEMPUSGUI\RELEASE\EVENT.OBJ
D:\NUS\YEAR 2\SEMESTER 1\CS2103\PROJECTS\TEMPUSGUI\TEMPUSGUI\RELEASE\FILESTORAGE.OBJ
D:\NUS\YEAR 2\SEMESTER 1\CS2103\PROJECTS\TEMPUSGUI\TEMPUSGUI\RELEASE\HISTORYHANDLER.OBJ
D:\NUS\YEAR 2\SEMESTER 1\CS2103\PROJECTS\TEMPUSGUI\TEMPUSGUI\RELEASE\LISTHANDLER.OBJ
D:\NUS\YEAR 2\SEMESTER 1\CS2103\PROJECTS\TEMPUSGUI\TEMPUSGUI\RELEASE\MAINLOGIC.OBJ
D:\NUS\YEAR 2\SEMESTER 1\CS2103\PROJECTS\TEMPUSGUI\TEMPUSGUI\RELEASE\SPLASHSCREEN.OBJ
D:\NUS\YEAR 2\SEMESTER 1\CS2103\PROJECTS\TEMPUSGUI\TEMPUSGUI\RELEASE\STDAFX.OBJ
D:\NUS\YEAR 2\SEMESTER 1\CS2103\PROJECTS\TEMPUSGUI\TEMPUSGUI\RELEASE\TEMPUSEXCEPTIONS.OBJ
D:\NUS\YEAR 2\SEMESTER 1\CS2103\PROJECTS\TEMPUSGUI\TEMPUSGUI\RELEASE\TEMPUSGUI.EXE.INTERMEDIATE.MANIFEST
D:\NUS\YEAR 2\SEMESTER 1\CS2103\PROJECTS\TEMPUSGUI\TEMPUSGUI\RELEASE\TEMPUSGUI.FORM1.RESOURCES
D:\NUS\YEAR 2\SEMESTER 1\CS2103\PROJECTS\TEMPUSGUI\TEMPUSGUI\RELEASE\TEMPUSGUI.OBJ
D:\NUS\YEAR 2\SEMESTER 1\CS2103\PROJECTS\TEMPUSGUI\TEMPUSGUI\RELEASE\TEMPUSGUI.PCH
D:\NUS\YEAR 2\SEMESTER 1\CS2103\PROJECTS\TEMPUSGUI\TEMPUSGUI\RELEASE\TEMPUSGUI.SPLASHSCREEN.RESOURCES
D:\NUS\YEAR 2\SEMESTER 1\CS2103\PROJECTS\TEMPUSGUI\TEMPUSGUI\RELEASE\TIME.OBJ
D:\NUS\YEAR 2\SEMESTER 1\CS2103\PROJECTS\TEMPUSGUI\TEMPUSGUI\RELEASE\UPCOMINGHANDLER.OBJ
D:\NUS\YEAR 2\SEMESTER 1\CS2103\PROJECTS\TEMPUSGUI\TEMPUSGUI\RELEASE\VC100.PDB
